빌드 시작: 2016-03-12 오전 8:24:50
     1>2 노드의 "D:\★공부\1학년\c언어\주소록 관리 프로그램\주소록 관리 프로그램.vcxproj" 프로젝트(Build 대상)입니다.
     1>ClCompile:
         C:\Program Files (x86)\Microsoft Visual Studio 12.0\VC\bin\CL.exe /c /ZI /nologo /W3 /WX- /Od /Oy- /D WIN32 /D _DEBUG /D _CONSOLE /D _LIB /D _UNICODE /D UNICODE /Gm /EHsc /RTC1 /MDd /GS /fp:precise /Zc:wchar_t /Zc:forScope /Fo"Debug\\" /Fd"Debug\vc120.pdb" /Gd /TC /analyze- /errorReport:prompt main.c
         main.c
     1>d:\★공부\1학년\c언어\주소록 관리 프로그램\main.c(80): warning C4996: 'gets': This function or variable may be unsafe. Consider using gets_s instead. To disable deprecation, use _CRT_SECURE_NO_WARNINGS. See online help for details.
                 c:\program files (x86)\microsoft visual studio 12.0\vc\include\stdio.h(254) : 'gets' 선언을 참조하십시오.
     1>d:\★공부\1학년\c언어\주소록 관리 프로그램\main.c(82): warning C4996: 'gets': This function or variable may be unsafe. Consider using gets_s instead. To disable deprecation, use _CRT_SECURE_NO_WARNINGS. See online help for details.
                 c:\program files (x86)\microsoft visual studio 12.0\vc\include\stdio.h(254) : 'gets' 선언을 참조하십시오.
     1>d:\★공부\1학년\c언어\주소록 관리 프로그램\main.c(84): warning C4996: 'gets': This function or variable may be unsafe. Consider using gets_s instead. To disable deprecation, use _CRT_SECURE_NO_WARNINGS. See online help for details.
                 c:\program files (x86)\microsoft visual studio 12.0\vc\include\stdio.h(254) : 'gets' 선언을 참조하십시오.
     1>d:\★공부\1학년\c언어\주소록 관리 프로그램\main.c(86): warning C4996: 'gets': This function or variable may be unsafe. Consider using gets_s instead. To disable deprecation, use _CRT_SECURE_NO_WARNINGS. See online help for details.
                 c:\program files (x86)\microsoft visual studio 12.0\vc\include\stdio.h(254) : 'gets' 선언을 참조하십시오.
     1>d:\★공부\1학년\c언어\주소록 관리 프로그램\main.c(88): warning C4996: 'gets': This function or variable may be unsafe. Consider using gets_s instead. To disable deprecation, use _CRT_SECURE_NO_WARNINGS. See online help for details.
                 c:\program files (x86)\microsoft visual studio 12.0\vc\include\stdio.h(254) : 'gets' 선언을 참조하십시오.
     1>d:\★공부\1학년\c언어\주소록 관리 프로그램\main.c(99): warning C4996: 'gets': This function or variable may be unsafe. Consider using gets_s instead. To disable deprecation, use _CRT_SECURE_NO_WARNINGS. See online help for details.
                 c:\program files (x86)\microsoft visual studio 12.0\vc\include\stdio.h(254) : 'gets' 선언을 참조하십시오.
       Link:
         C:\Program Files (x86)\Microsoft Visual Studio 12.0\VC\bin\link.exe /ERRORREPORT:PROMPT /OUT:"D:\★공부\1학년\c언어\주소록 관리 프로그램\Debug\주소록 관리 프로그램.exe" /INCREMENTAL /NOLOGO kernel32.lib user32.lib gdi32.lib winspool.lib comdlg32.lib advapi32.lib shell32.lib ole32.lib oleaut32.lib uuid.lib odbc32.lib odbccp32.lib /MANIFEST /MANIFESTUAC:"level='asInvoker' uiAccess='false'" /manifest:embed /DEBUG /PDB:"D:\★공부\1학년\c언어\주소록 관리 프로그램\Debug\주소록 관리 프로그램.pdb" /SUBSYSTEM:CONSOLE /TLBID:1 /DYNAMICBASE /NXCOMPAT /IMPLIB:"D:\★공부\1학년\c언어\주소록 관리 프로그램\Debug\주소록 관리 프로그램.lib" /MACHINE:X86 Debug\main.obj
         주소록 관리 프로그램.vcxproj -> D:\★공부\1학년\c언어\주소록 관리 프로그램\Debug\주소록 관리 프로그램.exe
     1>"D:\★공부\1학년\c언어\주소록 관리 프로그램\주소록 관리 프로그램.vcxproj" 프로젝트를 빌드했습니다(Build 대상).

빌드했습니다.

경과 시간: 00:00:03.14
